<?xml version="1.0" encoding="UTF-8"?>
<testsuite xmlns:xsi="http://www.w3.org/2001/XMLSchema-instance" xsi:noNamespaceSchemaLocation="https://maven.apache.org/surefire/maven-surefire-plugin/xsd/surefire-test-report-3.0.xsd" version="3.0" name="live.learnjava.springbootapp.SimpleSpringBootAppApplicationTests" time="6.65" tests="1" errors="0" skipped="0" failures="0">
  <properties>
[...]
</properties>
  <testcase name="contextLoads" classname="live.learnjava.springbootapp.SimpleSpringBootAppApplicationTests" time="2.145">
    <system-out><![CDATA[18:25:21.304 [main] INFO org.springframework.test.context.support.AnnotationConfigContextLoaderUtils -- Could not detect default configuration classes for test class [live.learnjava.springbootapp.SimpleSpringBootAppApplicationTests]: SimpleSpringBootAppApplicationTests does not declare any static, non-private, non-final, nested classes annotated with @Configuration.
18:25:21.492 [main] INFO org.springframework.boot.test.context.SpringBootTestContextBootstrapper -- Found @SpringBootConfiguration live.learnjava.springbootapp.SimpleSpringBootAppApplication for test class live.learnjava.springbootapp.SimpleSpringBootAppApplicationTests
18:25:21.891 [main] INFO org.springframework.boot.devtools.restart.RestartApplicationListener -- Restart disabled due to context in which it is running

  .   ____          _            __ _ _
 /\\ / ___'_ __ _ _(_)_ __  __ _ \ \ \ \
( ( )\___ | '_ | '_| | '_ \/ _` | \ \ \ \
 \\/  ___)| |_)| | | | | || (_| |  ) ) ) )
  '  |____| .__|_| |_|_| |_\__, | / / / /
 =========|_|==============|___/=/_/_/_/

 :: Spring Boot ::                (v3.3.2)

2024-07-22T18:25:22.565-04:00  INFO 17488 --- [SimpleSpringBootApp] [           main] .l.s.SimpleSpringBootAppApplicationTests : Starting SimpleSpringBootAppApplicationTests using Java 17.0.10 with PID 17488 (started by gopes in C:\Users\gopes\Dropbox\3-SAVERA STAFFING\1-Gopesh\trainings\java\Naresh-IT\DOCKER\SimpleSpringBootApp)
2024-07-22T18:25:22.568-04:00  INFO 17488 --- [SimpleSpringBootApp] [           main] .l.s.SimpleSpringBootAppApplicationTests : No active profile set, falling back to 1 default profile: "default"
2024-07-22T18:25:25.409-04:00  INFO 17488 --- [SimpleSpringBootApp] [           main] .l.s.SimpleSpringBootAppApplicationTests : Started SimpleSpringBootAppApplicationTests in 3.548 seconds (process running for 5.679)
]]></system-out>
  </testcase>
</testsuite>